{"total": {"lines":{"total":69,"covered":68,"skipped":0,"pct":98.55},"statements":{"total":73,"covered":72,"skipped":0,"pct":98.63},"functions":{"total":14,"covered":14,"skipped":0,"pct":100},"branches":{"total":20,"covered":19,"skipped":0,"pct":95}}
,"/Users/yasmin/Downloads/hw4/src/SorterFactory.ts": {"lines":{"total":12,"covered":11,"skipped":0,"pct":91.67},"functions":{"total":3,"covered":3,"skipped":0,"pct":100},"statements":{"total":12,"covered":11,"skipped":0,"pct":91.67},"branches":{"total":4,"covered":3,"skipped":0,"pct":75}}
,"/Users/yasmin/Downloads/hw4/src/provided/BubbleSorter.ts": {"lines":{"total":10,"covered":10,"skipped":0,"pct":100},"functions":{"total":3,"covered":3,"skipped":0,"pct":100},"statements":{"total":12,"covered":12,"skipped":0,"pct":100},"branches":{"total":2,"covered":2,"skipped":0,"pct":100}}
,"/Users/yasmin/Downloads/hw4/src/task2/Sorter1.ts": {"lines":{"total":26,"covered":26,"skipped":0,"pct":100},"functions":{"total":4,"covered":4,"skipped":0,"pct":100},"statements":{"total":27,"covered":27,"skipped":0,"pct":100},"branches":{"total":8,"covered":8,"skipped":0,"pct":100}}
,"/Users/yasmin/Downloads/hw4/src/task2/Sorter2.ts": {"lines":{"total":21,"covered":21,"skipped":0,"pct":100},"functions":{"total":4,"covered":4,"skipped":0,"pct":100},"statements":{"total":22,"covered":22,"skipped":0,"pct":100},"branches":{"total":6,"covered":6,"skipped":0,"pct":100}}
}
